10-04-2023 @ 10:10:15 - ---[ New import started at 2023-10-04 01:10:15 ] PHP Memory: 2 GB, WP Memory: 40 MB
10-04-2023 @ 10:10:15 - Preparing for import.
10-04-2023 @ 10:10:15 - Row :1 - Parsing item.
10-04-2023 @ 10:10:15 - Row :1 - Parsing failed. Reason: User with same Email already exists. Email: aquatics@mail.wbs.ne.jp
10-04-2023 @ 10:10:15 - Row :2 - Parsing item.
10-04-2023 @ 10:10:15 - Row :2 - Processing item.
10-04-2023 @ 10:10:15 - Processing users.
10-04-2023 @ 10:10:15 - > &#8220;39&#8221;User imported successfully. ID:39
10-04-2023 @ 10:10:15 - > Finished importing user 39
10-04-2023 @ 10:10:15 - Row :2 - User imported successfully.
10-04-2023 @ 10:10:15 - Row :3 - Parsing item.
10-04-2023 @ 10:10:15 - Row :3 - Processing item.
10-04-2023 @ 10:10:15 - Processing users.
10-04-2023 @ 10:10:15 - > &#8220;40&#8221;User imported successfully. ID:40
10-04-2023 @ 10:10:15 - > Finished importing user 40
10-04-2023 @ 10:10:15 - Row :3 - User imported successfully.
10-04-2023 @ 10:10:15 - Row :4 - Parsing item.
10-04-2023 @ 10:10:15 - Row :4 - Processing item.
10-04-2023 @ 10:10:15 - Processing users.
10-04-2023 @ 10:10:15 - > &#8220;41&#8221;User imported successfully. ID:41
10-04-2023 @ 10:10:15 - > Finished importing user 41
10-04-2023 @ 10:10:15 - Row :4 - User imported successfully.
10-04-2023 @ 10:10:15 - Row :5 - Parsing item.
10-04-2023 @ 10:10:15 - Row :5 - Processing item.
10-04-2023 @ 10:10:15 - Processing users.
10-04-2023 @ 10:10:15 - > &#8220;42&#8221;User imported successfully. ID:42
10-04-2023 @ 10:10:15 - > Finished importing user 42
10-04-2023 @ 10:10:15 - Row :5 - User imported successfully.
10-04-2023 @ 10:10:15 - Row :6 - Parsing item.
10-04-2023 @ 10:10:15 - Row :6 - Processing item.
10-04-2023 @ 10:10:15 - Processing users.
10-04-2023 @ 10:10:15 - > &#8220;43&#8221;User imported successfully. ID:43
10-04-2023 @ 10:10:15 - > Finished importing user 43
10-04-2023 @ 10:10:15 - Row :6 - User imported successfully.
10-04-2023 @ 10:10:15 - Row :7 - Parsing item.
10-04-2023 @ 10:10:15 - Row :7 - Processing item.
10-04-2023 @ 10:10:15 - Processing users.
10-04-2023 @ 10:10:15 - > &#8220;44&#8221;User imported successfully. ID:44
10-04-2023 @ 10:10:15 - > Finished importing user 44
10-04-2023 @ 10:10:15 - Row :7 - User imported successfully.
10-04-2023 @ 10:10:15 - Row :8 - Parsing item.
10-04-2023 @ 10:10:15 - Row :8 - Processing item.
10-04-2023 @ 10:10:15 - Processing users.
10-04-2023 @ 10:10:16 - > &#8220;45&#8221;User imported successfully. ID:45
10-04-2023 @ 10:10:16 - > Finished importing user 45
10-04-2023 @ 10:10:16 - Row :8 - User imported successfully.
10-04-2023 @ 10:10:16 - Row :9 - Parsing item.
10-04-2023 @ 10:10:16 - Row :9 - Processing item.
10-04-2023 @ 10:10:16 - Processing users.
10-04-2023 @ 10:10:16 - > &#8220;46&#8221;User imported successfully. ID:46
10-04-2023 @ 10:10:16 - > Finished importing user 46
10-04-2023 @ 10:10:16 - Row :9 - User imported successfully.
10-04-2023 @ 10:10:16 - Row :10 - Parsing item.
10-04-2023 @ 10:10:16 - Row :10 - Processing item.
10-04-2023 @ 10:10:16 - Processing users.
10-04-2023 @ 10:10:16 - > &#8220;47&#8221;User imported successfully. ID:47
10-04-2023 @ 10:10:16 - > Finished importing user 47
10-04-2023 @ 10:10:16 - Row :10 - User imported successfully.
10-04-2023 @ 10:10:16 - Preparing for import.
10-04-2023 @ 10:10:16 - Row :11 - Parsing item.
10-04-2023 @ 10:10:16 - Row :11 - Processing item.
10-04-2023 @ 10:10:16 - Processing users.
10-04-2023 @ 10:10:16 - > &#8220;48&#8221;User imported successfully. ID:48
10-04-2023 @ 10:10:16 - > Finished importing user 48
10-04-2023 @ 10:10:16 - Row :11 - User imported successfully.
10-04-2023 @ 10:10:16 - Row :12 - Parsing item.
10-04-2023 @ 10:10:16 - Row :12 - Processing item.
10-04-2023 @ 10:10:16 - Processing users.
10-04-2023 @ 10:10:16 - > &#8220;49&#8221;User imported successfully. ID:49
10-04-2023 @ 10:10:16 - > Finished importing user 49
10-04-2023 @ 10:10:16 - Row :12 - User imported successfully.
10-04-2023 @ 10:10:16 - Row :13 - Parsing item.
10-04-2023 @ 10:10:16 - Row :13 - Processing item.
10-04-2023 @ 10:10:16 - Processing users.
10-04-2023 @ 10:10:16 - > &#8220;50&#8221;User imported successfully. ID:50
10-04-2023 @ 10:10:16 - > Finished importing user 50
10-04-2023 @ 10:10:16 - Row :13 - User imported successfully.
10-04-2023 @ 10:10:16 - Row :14 - Parsing item.
10-04-2023 @ 10:10:16 - Row :14 - Processing item.
10-04-2023 @ 10:10:16 - Processing users.
10-04-2023 @ 10:10:17 - > &#8220;51&#8221;User imported successfully. ID:51
10-04-2023 @ 10:10:17 - > Finished importing user 51
10-04-2023 @ 10:10:17 - Row :14 - User imported successfully.
10-04-2023 @ 10:10:17 - Row :15 - Parsing item.
10-04-2023 @ 10:10:17 - Row :15 - Processing item.
10-04-2023 @ 10:10:17 - Processing users.
10-04-2023 @ 10:10:17 - > &#8220;52&#8221;User imported successfully. ID:52
10-04-2023 @ 10:10:17 - > Finished importing user 52
10-04-2023 @ 10:10:17 - Row :15 - User imported successfully.
10-04-2023 @ 10:10:17 - Row :16 - Parsing item.
10-04-2023 @ 10:10:17 - Row :16 - Processing item.
10-04-2023 @ 10:10:17 - Processing users.
10-04-2023 @ 10:10:17 - > &#8220;53&#8221;User imported successfully. ID:53
10-04-2023 @ 10:10:17 - > Finished importing user 53
10-04-2023 @ 10:10:17 - Row :16 - User imported successfully.
10-04-2023 @ 10:10:17 - Row :17 - Parsing item.
10-04-2023 @ 10:10:17 - Row :17 - Processing item.
10-04-2023 @ 10:10:17 - Processing users.
10-04-2023 @ 10:10:17 - > &#8220;54&#8221;User imported successfully. ID:54
10-04-2023 @ 10:10:17 - > Finished importing user 54
10-04-2023 @ 10:10:17 - Row :17 - User imported successfully.
10-04-2023 @ 10:10:17 - Row :18 - Parsing item.
10-04-2023 @ 10:10:17 - Row :18 - Processing item.
10-04-2023 @ 10:10:17 - Processing users.
10-04-2023 @ 10:10:17 - > &#8220;55&#8221;User imported successfully. ID:55
10-04-2023 @ 10:10:17 - > Finished importing user 55
10-04-2023 @ 10:10:17 - Row :18 - User imported successfully.
10-04-2023 @ 10:10:17 - Row :19 - Parsing item.
10-04-2023 @ 10:10:17 - Row :19 - Processing item.
10-04-2023 @ 10:10:17 - Processing users.
10-04-2023 @ 10:10:17 - > &#8220;56&#8221;User imported successfully. ID:56
10-04-2023 @ 10:10:17 - > Finished importing user 56
10-04-2023 @ 10:10:17 - Row :19 - User imported successfully.
10-04-2023 @ 10:10:17 - Row :20 - Parsing item.
10-04-2023 @ 10:10:17 - Row :20 - Processing item.
10-04-2023 @ 10:10:17 - Processing users.
10-04-2023 @ 10:10:17 - > &#8220;57&#8221;User imported successfully. ID:57
10-04-2023 @ 10:10:17 - > Finished importing user 57
10-04-2023 @ 10:10:17 - Row :20 - User imported successfully.
10-04-2023 @ 10:10:17 - Preparing for import.
10-04-2023 @ 10:10:17 - Row :21 - Parsing item.
10-04-2023 @ 10:10:17 - Row :21 - Processing item.
10-04-2023 @ 10:10:17 - Processing users.
10-04-2023 @ 10:10:18 - > &#8220;58&#8221;User imported successfully. ID:58
10-04-2023 @ 10:10:18 - > Finished importing user 58
10-04-2023 @ 10:10:18 - Row :21 - User imported successfully.
10-04-2023 @ 10:10:18 - Row :22 - Parsing item.
10-04-2023 @ 10:10:18 - Row :22 - Processing item.
10-04-2023 @ 10:10:18 - Processing users.
10-04-2023 @ 10:10:18 - > &#8220;59&#8221;User imported successfully. ID:59
10-04-2023 @ 10:10:18 - > Finished importing user 59
10-04-2023 @ 10:10:18 - Row :22 - User imported successfully.
10-04-2023 @ 10:10:18 - Row :23 - Parsing item.
10-04-2023 @ 10:10:18 - Row :23 - Processing item.
10-04-2023 @ 10:10:18 - Processing users.
10-04-2023 @ 10:10:18 - > &#8220;60&#8221;User imported successfully. ID:60
10-04-2023 @ 10:10:18 - > Finished importing user 60
10-04-2023 @ 10:10:18 - Row :23 - User imported successfully.
10-04-2023 @ 10:10:18 - Row :24 - Parsing item.
10-04-2023 @ 10:10:18 - Row :24 - Processing item.
10-04-2023 @ 10:10:18 - Processing users.
10-04-2023 @ 10:10:18 - > &#8220;61&#8221;User imported successfully. ID:61
10-04-2023 @ 10:10:18 - > Finished importing user 61
10-04-2023 @ 10:10:18 - Row :24 - User imported successfully.
10-04-2023 @ 10:10:18 - Row :25 - Parsing item.
10-04-2023 @ 10:10:18 - Row :25 - Processing item.
10-04-2023 @ 10:10:18 - Processing users.
10-04-2023 @ 10:10:18 - > &#8220;62&#8221;User imported successfully. ID:62
10-04-2023 @ 10:10:18 - > Finished importing user 62
10-04-2023 @ 10:10:18 - Row :25 - User imported successfully.
10-04-2023 @ 10:10:18 - Row :26 - Parsing item.
10-04-2023 @ 10:10:18 - Row :26 - Processing item.
10-04-2023 @ 10:10:18 - Processing users.
10-04-2023 @ 10:10:18 - > &#8220;63&#8221;User imported successfully. ID:63
10-04-2023 @ 10:10:18 - > Finished importing user 63
10-04-2023 @ 10:10:18 - Row :26 - User imported successfully.
10-04-2023 @ 10:10:18 - Row :27 - Parsing item.
10-04-2023 @ 10:10:18 - Row :27 - Processing item.
10-04-2023 @ 10:10:18 - Processing users.
10-04-2023 @ 10:10:18 - > &#8220;64&#8221;User imported successfully. ID:64
10-04-2023 @ 10:10:18 - > Finished importing user 64
10-04-2023 @ 10:10:18 - Row :27 - User imported successfully.
10-04-2023 @ 10:10:18 - Row :28 - Parsing item.
10-04-2023 @ 10:10:18 - Row :28 - Processing item.
10-04-2023 @ 10:10:18 - Processing users.
10-04-2023 @ 10:10:18 - > &#8220;65&#8221;User imported successfully. ID:65
10-04-2023 @ 10:10:18 - > Finished importing user 65
10-04-2023 @ 10:10:18 - Row :28 - User imported successfully.
10-04-2023 @ 10:10:18 - Row :29 - Parsing item.
10-04-2023 @ 10:10:18 - Row :29 - Processing item.
10-04-2023 @ 10:10:18 - Processing users.
10-04-2023 @ 10:10:18 - > &#8220;66&#8221;User imported successfully. ID:66
10-04-2023 @ 10:10:18 - > Finished importing user 66
10-04-2023 @ 10:10:18 - Row :29 - User imported successfully.
10-04-2023 @ 10:10:18 - Row :30 - Parsing item.
10-04-2023 @ 10:10:18 - Row :30 - Processing item.
10-04-2023 @ 10:10:18 - Processing users.
10-04-2023 @ 10:10:18 - > &#8220;67&#8221;User imported successfully. ID:67
10-04-2023 @ 10:10:18 - > Finished importing user 67
10-04-2023 @ 10:10:18 - Row :30 - User imported successfully.
10-04-2023 @ 10:10:19 - Preparing for import.
10-04-2023 @ 10:10:19 - Row :31 - Parsing item.
10-04-2023 @ 10:10:19 - Row :31 - Processing item.
10-04-2023 @ 10:10:19 - Processing users.
10-04-2023 @ 10:10:19 - > &#8220;68&#8221;User imported successfully. ID:68
10-04-2023 @ 10:10:19 - > Finished importing user 68
10-04-2023 @ 10:10:19 - Row :31 - User imported successfully.
10-04-2023 @ 10:10:19 - Row :32 - Parsing item.
10-04-2023 @ 10:10:19 - Row :32 - Processing item.
10-04-2023 @ 10:10:19 - Processing users.
10-04-2023 @ 10:10:19 - > &#8220;69&#8221;User imported successfully. ID:69
10-04-2023 @ 10:10:19 - > Finished importing user 69
10-04-2023 @ 10:10:19 - Row :32 - User imported successfully.
10-04-2023 @ 10:10:19 - Row :33 - Parsing item.
10-04-2023 @ 10:10:19 - Row :33 - Processing item.
10-04-2023 @ 10:10:19 - Processing users.
10-04-2023 @ 10:10:19 - > &#8220;70&#8221;User imported successfully. ID:70
10-04-2023 @ 10:10:19 - > Finished importing user 70
10-04-2023 @ 10:10:19 - Row :33 - User imported successfully.
10-04-2023 @ 10:10:19 - Row :34 - Parsing item.
10-04-2023 @ 10:10:19 - Row :34 - Processing item.
10-04-2023 @ 10:10:19 - Processing users.
10-04-2023 @ 10:10:19 - > &#8220;71&#8221;User imported successfully. ID:71
10-04-2023 @ 10:10:19 - > Finished importing user 71
10-04-2023 @ 10:10:19 - Row :34 - User imported successfully.
10-04-2023 @ 10:10:19 - Row :35 - Parsing item.
10-04-2023 @ 10:10:19 - Row :35 - Processing item.
10-04-2023 @ 10:10:19 - Processing users.
10-04-2023 @ 10:10:19 - > &#8220;72&#8221;User imported successfully. ID:72
10-04-2023 @ 10:10:19 - > Finished importing user 72
10-04-2023 @ 10:10:19 - Row :35 - User imported successfully.
10-04-2023 @ 10:10:19 - Row :36 - Parsing item.
10-04-2023 @ 10:10:19 - Row :36 - Processing item.
10-04-2023 @ 10:10:19 - Processing users.
10-04-2023 @ 10:10:19 - > &#8220;73&#8221;User imported successfully. ID:73
10-04-2023 @ 10:10:19 - > Finished importing user 73
10-04-2023 @ 10:10:19 - Row :36 - User imported successfully.
10-04-2023 @ 10:10:19 - Row :37 - Parsing item.
10-04-2023 @ 10:10:19 - Row :37 - Processing item.
10-04-2023 @ 10:10:19 - Processing users.
10-04-2023 @ 10:10:19 - > &#8220;74&#8221;User imported successfully. ID:74
10-04-2023 @ 10:10:19 - > Finished importing user 74
10-04-2023 @ 10:10:19 - Row :37 - User imported successfully.
10-04-2023 @ 10:10:19 - Row :38 - Parsing item.
10-04-2023 @ 10:10:19 - Row :38 - Processing item.
10-04-2023 @ 10:10:19 - Processing users.
10-04-2023 @ 10:10:19 - > &#8220;75&#8221;User imported successfully. ID:75
10-04-2023 @ 10:10:19 - > Finished importing user 75
10-04-2023 @ 10:10:19 - Row :38 - User imported successfully.
10-04-2023 @ 10:10:19 - Row :39 - Parsing item.
10-04-2023 @ 10:10:19 - Row :39 - Processing item.
10-04-2023 @ 10:10:19 - Processing users.
10-04-2023 @ 10:10:19 - > &#8220;76&#8221;User imported successfully. ID:76
10-04-2023 @ 10:10:19 - > Finished importing user 76
10-04-2023 @ 10:10:19 - Row :39 - User imported successfully.
10-04-2023 @ 10:10:19 - Row :40 - Parsing item.
10-04-2023 @ 10:10:19 - Row :40 - Processing item.
10-04-2023 @ 10:10:19 - Processing users.
10-04-2023 @ 10:10:19 - > &#8220;77&#8221;User imported successfully. ID:77
10-04-2023 @ 10:10:19 - > Finished importing user 77
10-04-2023 @ 10:10:19 - Row :40 - User imported successfully.
10-04-2023 @ 10:10:20 - Preparing for import.
10-04-2023 @ 10:10:20 - Row :41 - Parsing item.
10-04-2023 @ 10:10:20 - Row :41 - Processing item.
10-04-2023 @ 10:10:20 - Processing users.
10-04-2023 @ 10:10:20 - > &#8220;78&#8221;User imported successfully. ID:78
10-04-2023 @ 10:10:20 - > Finished importing user 78
10-04-2023 @ 10:10:20 - Row :41 - User imported successfully.
10-04-2023 @ 10:10:20 - Row :42 - Parsing item.
10-04-2023 @ 10:10:20 - Row :42 - Processing item.
10-04-2023 @ 10:10:20 - Processing users.
10-04-2023 @ 10:10:20 - > &#8220;79&#8221;User imported successfully. ID:79
10-04-2023 @ 10:10:20 - > Finished importing user 79
10-04-2023 @ 10:10:20 - Row :42 - User imported successfully.
10-04-2023 @ 10:10:20 - Row :43 - Parsing item.
10-04-2023 @ 10:10:20 - Row :43 - Processing item.
10-04-2023 @ 10:10:20 - Processing users.
10-04-2023 @ 10:10:20 - > &#8220;80&#8221;User imported successfully. ID:80
10-04-2023 @ 10:10:20 - > Finished importing user 80
10-04-2023 @ 10:10:20 - Row :43 - User imported successfully.
10-04-2023 @ 10:10:20 - Row :44 - Parsing item.
10-04-2023 @ 10:10:20 - Row :44 - Processing item.
10-04-2023 @ 10:10:20 - Processing users.
10-04-2023 @ 10:10:20 - > &#8220;81&#8221;User imported successfully. ID:81
10-04-2023 @ 10:10:20 - > Finished importing user 81
10-04-2023 @ 10:10:20 - Row :44 - User imported successfully.
10-04-2023 @ 10:10:20 - Row :45 - Parsing item.
10-04-2023 @ 10:10:20 - Row :45 - Processing item.
10-04-2023 @ 10:10:20 - Processing users.
10-04-2023 @ 10:10:20 - > &#8220;82&#8221;User imported successfully. ID:82
10-04-2023 @ 10:10:20 - > Finished importing user 82
10-04-2023 @ 10:10:20 - Row :45 - User imported successfully.
10-04-2023 @ 10:10:20 - Row :46 - Parsing item.
10-04-2023 @ 10:10:20 - Row :46 - Processing item.
10-04-2023 @ 10:10:20 - Processing users.
10-04-2023 @ 10:10:20 - > &#8220;83&#8221;User imported successfully. ID:83
10-04-2023 @ 10:10:20 - > Finished importing user 83
10-04-2023 @ 10:10:20 - Row :46 - User imported successfully.
10-04-2023 @ 10:10:20 - Row :47 - Parsing item.
10-04-2023 @ 10:10:20 - Row :47 - Processing item.
10-04-2023 @ 10:10:20 - Processing users.
10-04-2023 @ 10:10:21 - > &#8220;84&#8221;User imported successfully. ID:84
10-04-2023 @ 10:10:21 - > Finished importing user 84
10-04-2023 @ 10:10:21 - Row :47 - User imported successfully.
10-04-2023 @ 10:10:21 - Row :48 - Parsing item.
10-04-2023 @ 10:10:21 - Row :48 - Processing item.
10-04-2023 @ 10:10:21 - Processing users.
10-04-2023 @ 10:10:21 - > &#8220;85&#8221;User imported successfully. ID:85
10-04-2023 @ 10:10:21 - > Finished importing user 85
10-04-2023 @ 10:10:21 - Row :48 - User imported successfully.
10-04-2023 @ 10:10:21 - Row :49 - Parsing item.
10-04-2023 @ 10:10:21 - Row :49 - Processing item.
10-04-2023 @ 10:10:21 - Processing users.
10-04-2023 @ 10:10:21 - > &#8220;86&#8221;User imported successfully. ID:86
10-04-2023 @ 10:10:21 - > Finished importing user 86
10-04-2023 @ 10:10:21 - Row :49 - User imported successfully.
10-04-2023 @ 10:10:21 - Row :50 - Parsing item.
10-04-2023 @ 10:10:21 - Row :50 - Processing item.
10-04-2023 @ 10:10:21 - Processing users.
10-04-2023 @ 10:10:21 - > &#8220;87&#8221;User imported successfully. ID:87
10-04-2023 @ 10:10:21 - > Finished importing user 87
10-04-2023 @ 10:10:21 - Row :50 - User imported successfully.
10-04-2023 @ 10:10:21 - Preparing for import.
10-04-2023 @ 10:10:21 - Row :51 - Parsing item.
10-04-2023 @ 10:10:21 - Row :51 - Processing item.
10-04-2023 @ 10:10:21 - Processing users.
10-04-2023 @ 10:10:21 - > &#8220;88&#8221;User imported successfully. ID:88
10-04-2023 @ 10:10:21 - > Finished importing user 88
10-04-2023 @ 10:10:21 - Row :51 - User imported successfully.
10-04-2023 @ 10:10:21 - Row :52 - Parsing item.
10-04-2023 @ 10:10:21 - Row :52 - Processing item.
10-04-2023 @ 10:10:21 - Processing users.
10-04-2023 @ 10:10:21 - > &#8220;89&#8221;User imported successfully. ID:89
10-04-2023 @ 10:10:21 - > Finished importing user 89
10-04-2023 @ 10:10:21 - Row :52 - User imported successfully.
10-04-2023 @ 10:10:21 - Row :53 - Parsing item.
10-04-2023 @ 10:10:21 - Row :53 - Processing item.
10-04-2023 @ 10:10:21 - Processing users.
10-04-2023 @ 10:10:22 - > &#8220;90&#8221;User imported successfully. ID:90
10-04-2023 @ 10:10:22 - > Finished importing user 90
10-04-2023 @ 10:10:22 - Row :53 - User imported successfully.
10-04-2023 @ 10:10:22 - Row :54 - Parsing item.
10-04-2023 @ 10:10:22 - Row :54 - Processing item.
10-04-2023 @ 10:10:22 - Processing users.
10-04-2023 @ 10:10:22 - > &#8220;91&#8221;User imported successfully. ID:91
10-04-2023 @ 10:10:22 - > Finished importing user 91
10-04-2023 @ 10:10:22 - Row :54 - User imported successfully.
10-04-2023 @ 10:10:22 - Row :55 - Parsing item.
10-04-2023 @ 10:10:22 - Row :55 - Processing item.
10-04-2023 @ 10:10:22 - Processing users.
10-04-2023 @ 10:10:22 - > &#8220;92&#8221;User imported successfully. ID:92
10-04-2023 @ 10:10:22 - > Finished importing user 92
10-04-2023 @ 10:10:22 - Row :55 - User imported successfully.
10-04-2023 @ 10:10:22 - Row :56 - Parsing item.
10-04-2023 @ 10:10:22 - Row :56 - Processing item.
10-04-2023 @ 10:10:22 - Processing users.
10-04-2023 @ 10:10:22 - > &#8220;93&#8221;User imported successfully. ID:93
10-04-2023 @ 10:10:22 - > Finished importing user 93
10-04-2023 @ 10:10:22 - Row :56 - User imported successfully.
10-04-2023 @ 10:10:22 - Row :57 - Parsing item.
10-04-2023 @ 10:10:22 - Row :57 - Processing item.
10-04-2023 @ 10:10:22 - Processing users.
10-04-2023 @ 10:10:22 - > &#8220;94&#8221;User imported successfully. ID:94
10-04-2023 @ 10:10:22 - > Finished importing user 94
10-04-2023 @ 10:10:22 - Row :57 - User imported successfully.
10-04-2023 @ 10:10:22 - Row :58 - Parsing item.
10-04-2023 @ 10:10:22 - Row :58 - Processing item.
10-04-2023 @ 10:10:22 - Processing users.
10-04-2023 @ 10:10:22 - > &#8220;95&#8221;User imported successfully. ID:95
10-04-2023 @ 10:10:22 - > Finished importing user 95
10-04-2023 @ 10:10:22 - Row :58 - User imported successfully.
10-04-2023 @ 10:10:22 - Row :59 - Parsing item.
10-04-2023 @ 10:10:22 - Row :59 - Processing item.
10-04-2023 @ 10:10:22 - Processing users.
10-04-2023 @ 10:10:22 - > &#8220;96&#8221;User imported successfully. ID:96
10-04-2023 @ 10:10:22 - > Finished importing user 96
10-04-2023 @ 10:10:22 - Row :59 - User imported successfully.
10-04-2023 @ 10:10:22 - Row :60 - Parsing item.
10-04-2023 @ 10:10:22 - Row :60 - Processing item.
10-04-2023 @ 10:10:22 - Processing users.
10-04-2023 @ 10:10:22 - > &#8220;97&#8221;User imported successfully. ID:97
10-04-2023 @ 10:10:22 - > Finished importing user 97
10-04-2023 @ 10:10:22 - Row :60 - User imported successfully.
10-04-2023 @ 10:10:23 - Preparing for import.
10-04-2023 @ 10:10:23 - Row :61 - Parsing item.
10-04-2023 @ 10:10:23 - Row :61 - Processing item.
10-04-2023 @ 10:10:23 - Processing users.
10-04-2023 @ 10:10:23 - > &#8220;98&#8221;User imported successfully. ID:98
10-04-2023 @ 10:10:23 - > Finished importing user 98
10-04-2023 @ 10:10:23 - Row :61 - User imported successfully.
10-04-2023 @ 10:10:23 - Row :62 - Parsing item.
10-04-2023 @ 10:10:23 - Row :62 - Processing item.
10-04-2023 @ 10:10:23 - Processing users.
10-04-2023 @ 10:10:23 - > &#8220;99&#8221;User imported successfully. ID:99
10-04-2023 @ 10:10:23 - > Finished importing user 99
10-04-2023 @ 10:10:23 - Row :62 - User imported successfully.
10-04-2023 @ 10:10:23 - Row :63 - Parsing item.
10-04-2023 @ 10:10:23 - Row :63 - Processing item.
10-04-2023 @ 10:10:23 - Processing users.
10-04-2023 @ 10:10:23 - > &#8220;100&#8221;User imported successfully. ID:100
10-04-2023 @ 10:10:23 - > Finished importing user 100
10-04-2023 @ 10:10:23 - Row :63 - User imported successfully.
10-04-2023 @ 10:10:23 - Row :64 - Parsing item.
10-04-2023 @ 10:10:23 - Row :64 - Processing item.
10-04-2023 @ 10:10:23 - Processing users.
10-04-2023 @ 10:10:23 - > &#8220;101&#8221;User imported successfully. ID:101
10-04-2023 @ 10:10:23 - > Finished importing user 101
10-04-2023 @ 10:10:23 - Row :64 - User imported successfully.
10-04-2023 @ 10:10:23 - Row :65 - Parsing item.
10-04-2023 @ 10:10:23 - Row :65 - Processing item.
10-04-2023 @ 10:10:23 - Processing users.
10-04-2023 @ 10:10:23 - > &#8220;102&#8221;User imported successfully. ID:102
10-04-2023 @ 10:10:23 - > Finished importing user 102
10-04-2023 @ 10:10:23 - Row :65 - User imported successfully.
10-04-2023 @ 10:10:23 - Row :66 - Parsing item.
10-04-2023 @ 10:10:23 - Row :66 - Processing item.
10-04-2023 @ 10:10:23 - Processing users.
10-04-2023 @ 10:10:23 - > &#8220;103&#8221;User imported successfully. ID:103
10-04-2023 @ 10:10:23 - > Finished importing user 103
10-04-2023 @ 10:10:23 - Row :66 - User imported successfully.
10-04-2023 @ 10:10:23 - Row :67 - Parsing item.
10-04-2023 @ 10:10:23 - Row :67 - Processing item.
10-04-2023 @ 10:10:23 - Processing users.
10-04-2023 @ 10:10:23 - > &#8220;104&#8221;User imported successfully. ID:104
10-04-2023 @ 10:10:23 - > Finished importing user 104
10-04-2023 @ 10:10:23 - Row :67 - User imported successfully.
10-04-2023 @ 10:10:23 - Row :68 - Parsing item.
10-04-2023 @ 10:10:23 - Row :68 - Processing item.
10-04-2023 @ 10:10:23 - Processing users.
10-04-2023 @ 10:10:23 - > &#8220;105&#8221;User imported successfully. ID:105
10-04-2023 @ 10:10:23 - > Finished importing user 105
10-04-2023 @ 10:10:23 - Row :68 - User imported successfully.
10-04-2023 @ 10:10:23 - Row :69 - Parsing item.
10-04-2023 @ 10:10:23 - Row :69 - Processing item.
10-04-2023 @ 10:10:23 - Processing users.
10-04-2023 @ 10:10:23 - > &#8220;106&#8221;User imported successfully. ID:106
10-04-2023 @ 10:10:23 - > Finished importing user 106
10-04-2023 @ 10:10:23 - Row :69 - User imported successfully.
10-04-2023 @ 10:10:23 - Row :70 - Parsing item.
10-04-2023 @ 10:10:23 - Row :70 - Processing item.
10-04-2023 @ 10:10:23 - Processing users.
10-04-2023 @ 10:10:23 - > &#8220;107&#8221;User imported successfully. ID:107
10-04-2023 @ 10:10:23 - > Finished importing user 107
10-04-2023 @ 10:10:23 - Row :70 - User imported successfully.
10-04-2023 @ 10:10:24 - Preparing for import.
10-04-2023 @ 10:10:24 - Row :71 - Parsing item.
10-04-2023 @ 10:10:24 - Row :71 - Processing item.
10-04-2023 @ 10:10:24 - Processing users.
10-04-2023 @ 10:10:24 - > &#8220;108&#8221;User imported successfully. ID:108
10-04-2023 @ 10:10:24 - > Finished importing user 108
10-04-2023 @ 10:10:24 - Row :71 - User imported successfully.
10-04-2023 @ 10:10:24 - Row :72 - Parsing item.
10-04-2023 @ 10:10:24 - Row :72 - Processing item.
10-04-2023 @ 10:10:24 - Processing users.
10-04-2023 @ 10:10:24 - > &#8220;109&#8221;User imported successfully. ID:109
10-04-2023 @ 10:10:24 - > Finished importing user 109
10-04-2023 @ 10:10:24 - Row :72 - User imported successfully.
10-04-2023 @ 10:10:24 - Row :73 - Parsing item.
10-04-2023 @ 10:10:24 - Row :73 - Processing item.
10-04-2023 @ 10:10:24 - Processing users.
10-04-2023 @ 10:10:24 - > &#8220;110&#8221;User imported successfully. ID:110
10-04-2023 @ 10:10:24 - > Finished importing user 110
10-04-2023 @ 10:10:24 - Row :73 - User imported successfully.
10-04-2023 @ 10:10:24 - Row :74 - Parsing item.
10-04-2023 @ 10:10:24 - Row :74 - Processing item.
10-04-2023 @ 10:10:24 - Processing users.
10-04-2023 @ 10:10:24 - > &#8220;111&#8221;User imported successfully. ID:111
10-04-2023 @ 10:10:24 - > Finished importing user 111
10-04-2023 @ 10:10:24 - Row :74 - User imported successfully.
10-04-2023 @ 10:10:24 - Row :75 - Parsing item.
10-04-2023 @ 10:10:24 - Row :75 - Processing item.
10-04-2023 @ 10:10:24 - Processing users.
10-04-2023 @ 10:10:24 - > &#8220;112&#8221;User imported successfully. ID:112
10-04-2023 @ 10:10:24 - > Finished importing user 112
10-04-2023 @ 10:10:24 - Row :75 - User imported successfully.
10-04-2023 @ 10:10:24 - Row :76 - Parsing item.
10-04-2023 @ 10:10:24 - Row :76 - Processing item.
10-04-2023 @ 10:10:24 - Processing users.
10-04-2023 @ 10:10:24 - > &#8220;113&#8221;User imported successfully. ID:113
10-04-2023 @ 10:10:24 - > Finished importing user 113
10-04-2023 @ 10:10:24 - Row :76 - User imported successfully.
10-04-2023 @ 10:10:24 - Row :77 - Parsing item.
10-04-2023 @ 10:10:24 - Row :77 - Processing item.
10-04-2023 @ 10:10:24 - Processing users.
10-04-2023 @ 10:10:25 - > &#8220;114&#8221;User imported successfully. ID:114
10-04-2023 @ 10:10:25 - > Finished importing user 114
10-04-2023 @ 10:10:25 - Row :77 - User imported successfully.
10-04-2023 @ 10:10:25 - Row :78 - Parsing item.
10-04-2023 @ 10:10:25 - Row :78 - Processing item.
10-04-2023 @ 10:10:25 - Processing users.
10-04-2023 @ 10:10:25 - > &#8220;115&#8221;User imported successfully. ID:115
10-04-2023 @ 10:10:25 - > Finished importing user 115
10-04-2023 @ 10:10:25 - Row :78 - User imported successfully.
10-04-2023 @ 10:10:25 - Row :79 - Parsing item.
10-04-2023 @ 10:10:25 - Row :79 - Processing item.
10-04-2023 @ 10:10:25 - Processing users.
10-04-2023 @ 10:10:25 - > &#8220;116&#8221;User imported successfully. ID:116
10-04-2023 @ 10:10:25 - > Finished importing user 116
10-04-2023 @ 10:10:25 - Row :79 - User imported successfully.
10-04-2023 @ 10:10:25 - Row :80 - Parsing item.
10-04-2023 @ 10:10:25 - Row :80 - Processing item.
10-04-2023 @ 10:10:25 - Processing users.
10-04-2023 @ 10:10:25 - > &#8220;117&#8221;User imported successfully. ID:117
10-04-2023 @ 10:10:25 - > Finished importing user 117
10-04-2023 @ 10:10:25 - Row :80 - User imported successfully.
10-04-2023 @ 10:10:25 - Preparing for import.
10-04-2023 @ 10:10:25 - Row :81 - Parsing item.
10-04-2023 @ 10:10:25 - Row :81 - Processing item.
10-04-2023 @ 10:10:25 - Processing users.
10-04-2023 @ 10:10:26 - > &#8220;118&#8221;User imported successfully. ID:118
10-04-2023 @ 10:10:26 - > Finished importing user 118
10-04-2023 @ 10:10:26 - Row :81 - User imported successfully.
10-04-2023 @ 10:10:26 - Row :82 - Parsing item.
10-04-2023 @ 10:10:26 - Row :82 - Processing item.
10-04-2023 @ 10:10:26 - Processing users.
10-04-2023 @ 10:10:26 - > &#8220;119&#8221;User imported successfully. ID:119
10-04-2023 @ 10:10:26 - > Finished importing user 119
10-04-2023 @ 10:10:26 - Row :82 - User imported successfully.
10-04-2023 @ 10:10:26 - Row :83 - Parsing item.
10-04-2023 @ 10:10:26 - Row :83 - Processing item.
10-04-2023 @ 10:10:26 - Processing users.
10-04-2023 @ 10:10:26 - > &#8220;120&#8221;User imported successfully. ID:120
10-04-2023 @ 10:10:26 - > Finished importing user 120
10-04-2023 @ 10:10:26 - Row :83 - User imported successfully.
10-04-2023 @ 10:10:26 - Row :84 - Parsing item.
10-04-2023 @ 10:10:26 - Row :84 - Processing item.
10-04-2023 @ 10:10:26 - Processing users.
10-04-2023 @ 10:10:26 - > &#8220;121&#8221;User imported successfully. ID:121
10-04-2023 @ 10:10:26 - > Finished importing user 121
10-04-2023 @ 10:10:26 - Row :84 - User imported successfully.
10-04-2023 @ 10:10:26 - Row :85 - Parsing item.
10-04-2023 @ 10:10:26 - Row :85 - Processing item.
10-04-2023 @ 10:10:26 - Processing users.
10-04-2023 @ 10:10:26 - > &#8220;122&#8221;User imported successfully. ID:122
10-04-2023 @ 10:10:26 - > Finished importing user 122
10-04-2023 @ 10:10:26 - Row :85 - User imported successfully.
10-04-2023 @ 10:10:26 - Row :86 - Parsing item.
10-04-2023 @ 10:10:26 - Row :86 - Processing item.
10-04-2023 @ 10:10:26 - Processing users.
10-04-2023 @ 10:10:26 - > &#8220;123&#8221;User imported successfully. ID:123
10-04-2023 @ 10:10:26 - > Finished importing user 123
10-04-2023 @ 10:10:26 - Row :86 - User imported successfully.
10-04-2023 @ 10:10:26 - Row :87 - Parsing item.
10-04-2023 @ 10:10:26 - Row :87 - Processing item.
10-04-2023 @ 10:10:26 - Processing users.
10-04-2023 @ 10:10:26 - > &#8220;124&#8221;User imported successfully. ID:124
10-04-2023 @ 10:10:26 - > Finished importing user 124
10-04-2023 @ 10:10:26 - Row :87 - User imported successfully.
10-04-2023 @ 10:10:26 - Row :88 - Parsing item.
10-04-2023 @ 10:10:26 - Row :88 - Processing item.
10-04-2023 @ 10:10:26 - Processing users.
10-04-2023 @ 10:10:26 - > &#8220;125&#8221;User imported successfully. ID:125
10-04-2023 @ 10:10:26 - > Finished importing user 125
10-04-2023 @ 10:10:26 - Row :88 - User imported successfully.
10-04-2023 @ 10:10:26 - Row :89 - Parsing item.
10-04-2023 @ 10:10:26 - Row :89 - Processing item.
10-04-2023 @ 10:10:26 - Processing users.
10-04-2023 @ 10:10:26 - > &#8220;126&#8221;User imported successfully. ID:126
10-04-2023 @ 10:10:26 - > Finished importing user 126
10-04-2023 @ 10:10:26 - Row :89 - User imported successfully.
10-04-2023 @ 10:10:26 - Row :90 - Parsing item.
10-04-2023 @ 10:10:26 - Row :90 - Processing item.
10-04-2023 @ 10:10:26 - Processing users.
10-04-2023 @ 10:10:26 - > &#8220;127&#8221;User imported successfully. ID:127
10-04-2023 @ 10:10:26 - > Finished importing user 127
10-04-2023 @ 10:10:26 - Row :90 - User imported successfully.
10-04-2023 @ 10:10:27 - Preparing for import.
10-04-2023 @ 10:10:27 - Row :91 - Parsing item.
10-04-2023 @ 10:10:27 - Row :91 - Processing item.
10-04-2023 @ 10:10:27 - Processing users.
10-04-2023 @ 10:10:27 - > &#8220;128&#8221;User imported successfully. ID:128
10-04-2023 @ 10:10:27 - > Finished importing user 128
10-04-2023 @ 10:10:27 - Row :91 - User imported successfully.
10-04-2023 @ 10:10:27 - Row :92 - Parsing item.
10-04-2023 @ 10:10:27 - Row :92 - Processing item.
10-04-2023 @ 10:10:27 - Processing users.
10-04-2023 @ 10:10:27 - > &#8220;129&#8221;User imported successfully. ID:129
10-04-2023 @ 10:10:27 - > Finished importing user 129
10-04-2023 @ 10:10:27 - Row :92 - User imported successfully.
10-04-2023 @ 10:10:27 - Row :93 - Parsing item.
10-04-2023 @ 10:10:27 - Row :93 - Processing item.
10-04-2023 @ 10:10:27 - Processing users.
10-04-2023 @ 10:10:27 - > &#8220;130&#8221;User imported successfully. ID:130
10-04-2023 @ 10:10:27 - > Finished importing user 130
10-04-2023 @ 10:10:27 - Row :93 - User imported successfully.
10-04-2023 @ 10:10:27 - Row :94 - Parsing item.
10-04-2023 @ 10:10:27 - Row :94 - Processing item.
10-04-2023 @ 10:10:27 - Processing users.
10-04-2023 @ 10:10:27 - > &#8220;131&#8221;User imported successfully. ID:131
10-04-2023 @ 10:10:27 - > Finished importing user 131
10-04-2023 @ 10:10:27 - Row :94 - User imported successfully.
10-04-2023 @ 10:10:27 - Row :95 - Parsing item.
10-04-2023 @ 10:10:27 - Row :95 - Processing item.
10-04-2023 @ 10:10:27 - Processing users.
10-04-2023 @ 10:10:27 - > &#8220;132&#8221;User imported successfully. ID:132
10-04-2023 @ 10:10:27 - > Finished importing user 132
10-04-2023 @ 10:10:27 - Row :95 - User imported successfully.
10-04-2023 @ 10:10:27 - Row :96 - Parsing item.
10-04-2023 @ 10:10:27 - Row :96 - Processing item.
10-04-2023 @ 10:10:27 - Processing users.
10-04-2023 @ 10:10:27 - > &#8220;133&#8221;User imported successfully. ID:133
10-04-2023 @ 10:10:27 - > Finished importing user 133
10-04-2023 @ 10:10:27 - Row :96 - User imported successfully.
10-04-2023 @ 10:10:27 - Row :97 - Parsing item.
10-04-2023 @ 10:10:27 - Row :97 - Processing item.
10-04-2023 @ 10:10:27 - Processing users.
10-04-2023 @ 10:10:27 - > &#8220;134&#8221;User imported successfully. ID:134
10-04-2023 @ 10:10:27 - > Finished importing user 134
10-04-2023 @ 10:10:27 - Row :97 - User imported successfully.
10-04-2023 @ 10:10:27 - Row :98 - Parsing item.
10-04-2023 @ 10:10:27 - Row :98 - Processing item.
10-04-2023 @ 10:10:27 - Processing users.
10-04-2023 @ 10:10:27 - > &#8220;135&#8221;User imported successfully. ID:135
10-04-2023 @ 10:10:27 - > Finished importing user 135
10-04-2023 @ 10:10:27 - Row :98 - User imported successfully.
10-04-2023 @ 10:10:27 - Row :99 - Parsing item.
10-04-2023 @ 10:10:27 - Row :99 - Processing item.
10-04-2023 @ 10:10:27 - Processing users.
10-04-2023 @ 10:10:27 - > &#8220;136&#8221;User imported successfully. ID:136
10-04-2023 @ 10:10:27 - > Finished importing user 136
10-04-2023 @ 10:10:27 - Row :99 - User imported successfully.
10-04-2023 @ 10:10:27 - Row :100 - Parsing item.
10-04-2023 @ 10:10:27 - Row :100 - Processing item.
10-04-2023 @ 10:10:27 - Processing users.
10-04-2023 @ 10:10:27 - > &#8220;137&#8221;User imported successfully. ID:137
10-04-2023 @ 10:10:27 - > Finished importing user 137
10-04-2023 @ 10:10:27 - Row :100 - User imported successfully.
10-04-2023 @ 10:10:28 - Preparing for import.
10-04-2023 @ 10:10:28 - Row :101 - Parsing item.
10-04-2023 @ 10:10:28 - Row :101 - Processing item.
10-04-2023 @ 10:10:28 - Processing users.
10-04-2023 @ 10:10:28 - > &#8220;138&#8221;User imported successfully. ID:138
10-04-2023 @ 10:10:28 - > Finished importing user 138
10-04-2023 @ 10:10:28 - Row :101 - User imported successfully.
10-04-2023 @ 10:10:28 - Row :102 - Parsing item.
10-04-2023 @ 10:10:28 - Row :102 - Processing item.
10-04-2023 @ 10:10:28 - Processing users.
10-04-2023 @ 10:10:28 - > &#8220;139&#8221;User imported successfully. ID:139
10-04-2023 @ 10:10:28 - > Finished importing user 139
10-04-2023 @ 10:10:28 - Row :102 - User imported successfully.
10-04-2023 @ 10:10:28 - Row :103 - Parsing item.
10-04-2023 @ 10:10:28 - Row :103 - Processing item.
10-04-2023 @ 10:10:28 - Processing users.
10-04-2023 @ 10:10:28 - > &#8220;140&#8221;User imported successfully. ID:140
10-04-2023 @ 10:10:28 - > Finished importing user 140
10-04-2023 @ 10:10:28 - Row :103 - User imported successfully.
10-04-2023 @ 10:10:28 - Row :104 - Parsing item.
10-04-2023 @ 10:10:28 - Row :104 - Processing item.
10-04-2023 @ 10:10:28 - Processing users.
10-04-2023 @ 10:10:28 - > &#8220;141&#8221;User imported successfully. ID:141
10-04-2023 @ 10:10:28 - > Finished importing user 141
10-04-2023 @ 10:10:28 - Row :104 - User imported successfully.
10-04-2023 @ 10:10:28 - Row :105 - Parsing item.
10-04-2023 @ 10:10:28 - Row :105 - Processing item.
10-04-2023 @ 10:10:28 - Processing users.
10-04-2023 @ 10:10:28 - > &#8220;142&#8221;User imported successfully. ID:142
10-04-2023 @ 10:10:28 - > Finished importing user 142
10-04-2023 @ 10:10:28 - Row :105 - User imported successfully.
10-04-2023 @ 10:10:28 - Row :106 - Parsing item.
10-04-2023 @ 10:10:28 - Row :106 - Processing item.
10-04-2023 @ 10:10:28 - Processing users.
10-04-2023 @ 10:10:28 - > &#8220;143&#8221;User imported successfully. ID:143
10-04-2023 @ 10:10:28 - > Finished importing user 143
10-04-2023 @ 10:10:28 - Row :106 - User imported successfully.
10-04-2023 @ 10:10:28 - Row :107 - Parsing item.
10-04-2023 @ 10:10:28 - Row :107 - Processing item.
10-04-2023 @ 10:10:28 - Processing users.
10-04-2023 @ 10:10:28 - > &#8220;144&#8221;User imported successfully. ID:144
10-04-2023 @ 10:10:28 - > Finished importing user 144
10-04-2023 @ 10:10:28 - Row :107 - User imported successfully.
10-04-2023 @ 10:10:28 - Row :108 - Parsing item.
10-04-2023 @ 10:10:28 - Row :108 - Processing item.
10-04-2023 @ 10:10:28 - Processing users.
10-04-2023 @ 10:10:28 - > &#8220;145&#8221;User imported successfully. ID:145
10-04-2023 @ 10:10:28 - > Finished importing user 145
10-04-2023 @ 10:10:28 - Row :108 - User imported successfully.
10-04-2023 @ 10:10:28 - Row :109 - Parsing item.
10-04-2023 @ 10:10:28 - Row :109 - Processing item.
10-04-2023 @ 10:10:28 - Processing users.
10-04-2023 @ 10:10:29 - > &#8220;146&#8221;User imported successfully. ID:146
10-04-2023 @ 10:10:29 - > Finished importing user 146
10-04-2023 @ 10:10:29 - Row :109 - User imported successfully.
10-04-2023 @ 10:10:29 - Row :110 - Parsing item.
10-04-2023 @ 10:10:29 - Row :110 - Processing item.
10-04-2023 @ 10:10:29 - Processing users.
10-04-2023 @ 10:10:29 - > &#8220;147&#8221;User imported successfully. ID:147
10-04-2023 @ 10:10:29 - > Finished importing user 147
10-04-2023 @ 10:10:29 - Row :110 - User imported successfully.
10-04-2023 @ 10:10:29 - Preparing for import.
10-04-2023 @ 10:10:29 - Row :111 - Parsing item.
10-04-2023 @ 10:10:29 - Row :111 - Processing item.
10-04-2023 @ 10:10:29 - Processing users.
10-04-2023 @ 10:10:29 - > &#8220;148&#8221;User imported successfully. ID:148
10-04-2023 @ 10:10:29 - > Finished importing user 148
10-04-2023 @ 10:10:29 - Row :111 - User imported successfully.
10-04-2023 @ 10:10:29 - Row :112 - Parsing item.
10-04-2023 @ 10:10:29 - Row :112 - Processing item.
10-04-2023 @ 10:10:29 - Processing users.
10-04-2023 @ 10:10:29 - > &#8220;149&#8221;User imported successfully. ID:149
10-04-2023 @ 10:10:29 - > Finished importing user 149
10-04-2023 @ 10:10:29 - Row :112 - User imported successfully.
10-04-2023 @ 10:10:29 - Row :113 - Parsing item.
10-04-2023 @ 10:10:29 - Row :113 - Processing item.
10-04-2023 @ 10:10:29 - Processing users.
10-04-2023 @ 10:10:29 - > &#8220;150&#8221;User imported successfully. ID:150
10-04-2023 @ 10:10:29 - > Finished importing user 150
10-04-2023 @ 10:10:29 - Row :113 - User imported successfully.
10-04-2023 @ 10:10:29 - Row :114 - Parsing item.
10-04-2023 @ 10:10:29 - Row :114 - Processing item.
10-04-2023 @ 10:10:29 - Processing users.
10-04-2023 @ 10:10:29 - > &#8220;151&#8221;User imported successfully. ID:151
10-04-2023 @ 10:10:29 - > Finished importing user 151
10-04-2023 @ 10:10:29 - Row :114 - User imported successfully.
10-04-2023 @ 10:10:29 - Row :115 - Parsing item.
10-04-2023 @ 10:10:29 - Row :115 - Processing item.
10-04-2023 @ 10:10:29 - Processing users.
10-04-2023 @ 10:10:30 - > &#8220;152&#8221;User imported successfully. ID:152
10-04-2023 @ 10:10:30 - > Finished importing user 152
10-04-2023 @ 10:10:30 - Row :115 - User imported successfully.
10-04-2023 @ 10:10:30 - Row :116 - Parsing item.
10-04-2023 @ 10:10:30 - Row :116 - Processing item.
10-04-2023 @ 10:10:30 - Processing users.
10-04-2023 @ 10:10:30 - > &#8220;153&#8221;User imported successfully. ID:153
10-04-2023 @ 10:10:30 - > Finished importing user 153
10-04-2023 @ 10:10:30 - Row :116 - User imported successfully.
10-04-2023 @ 10:10:30 - Row :117 - Parsing item.
10-04-2023 @ 10:10:30 - Row :117 - Processing item.
10-04-2023 @ 10:10:30 - Processing users.
10-04-2023 @ 10:10:30 - > &#8220;154&#8221;User imported successfully. ID:154
10-04-2023 @ 10:10:30 - > Finished importing user 154
10-04-2023 @ 10:10:30 - Row :117 - User imported successfully.
10-04-2023 @ 10:10:30 - Row :118 - Parsing item.
10-04-2023 @ 10:10:30 - Row :118 - Processing item.
10-04-2023 @ 10:10:30 - Processing users.
10-04-2023 @ 10:10:30 - > &#8220;155&#8221;User imported successfully. ID:155
10-04-2023 @ 10:10:30 - > Finished importing user 155
10-04-2023 @ 10:10:30 - Row :118 - User imported successfully.
10-04-2023 @ 10:10:30 - Row :119 - Parsing item.
10-04-2023 @ 10:10:30 - Row :119 - Processing item.
10-04-2023 @ 10:10:30 - Processing users.
10-04-2023 @ 10:10:30 - > &#8220;156&#8221;User imported successfully. ID:156
10-04-2023 @ 10:10:30 - > Finished importing user 156
10-04-2023 @ 10:10:30 - Row :119 - User imported successfully.
10-04-2023 @ 10:10:30 - Row :120 - Parsing item.
10-04-2023 @ 10:10:30 - Row :120 - Processing item.
10-04-2023 @ 10:10:30 - Processing users.
10-04-2023 @ 10:10:30 - > &#8220;157&#8221;User imported successfully. ID:157
10-04-2023 @ 10:10:30 - > Finished importing user 157
10-04-2023 @ 10:10:30 - Row :120 - User imported successfully.
10-04-2023 @ 10:10:30 - Preparing for import.
10-04-2023 @ 10:10:30 - Row :121 - Parsing item.
10-04-2023 @ 10:10:30 - Row :121 - Processing item.
10-04-2023 @ 10:10:30 - Processing users.
10-04-2023 @ 10:10:30 - > &#8220;158&#8221;User imported successfully. ID:158
10-04-2023 @ 10:10:30 - > Finished importing user 158
10-04-2023 @ 10:10:30 - Row :121 - User imported successfully.
10-04-2023 @ 10:10:30 - Row :122 - Parsing item.
10-04-2023 @ 10:10:30 - Row :122 - Processing item.
10-04-2023 @ 10:10:30 - Processing users.
10-04-2023 @ 10:10:31 - > &#8220;159&#8221;User imported successfully. ID:159
10-04-2023 @ 10:10:31 - > Finished importing user 159
10-04-2023 @ 10:10:31 - Row :122 - User imported successfully.
10-04-2023 @ 10:10:31 - Row :123 - Parsing item.
10-04-2023 @ 10:10:31 - Row :123 - Processing item.
10-04-2023 @ 10:10:31 - Processing users.
10-04-2023 @ 10:10:31 - > &#8220;160&#8221;User imported successfully. ID:160
10-04-2023 @ 10:10:31 - > Finished importing user 160
10-04-2023 @ 10:10:31 - Row :123 - User imported successfully.
10-04-2023 @ 10:10:31 - Row :124 - Parsing item.
10-04-2023 @ 10:10:31 - Row :124 - Processing item.
10-04-2023 @ 10:10:31 - Processing users.
10-04-2023 @ 10:10:31 - > &#8220;161&#8221;User imported successfully. ID:161
10-04-2023 @ 10:10:31 - > Finished importing user 161
10-04-2023 @ 10:10:31 - Row :124 - User imported successfully.
10-04-2023 @ 10:10:31 - Row :125 - Parsing item.
10-04-2023 @ 10:10:31 - Row :125 - Processing item.
10-04-2023 @ 10:10:31 - Processing users.
10-04-2023 @ 10:10:31 - > &#8220;162&#8221;User imported successfully. ID:162
10-04-2023 @ 10:10:31 - > Finished importing user 162
10-04-2023 @ 10:10:31 - Row :125 - User imported successfully.
10-04-2023 @ 10:10:31 - Row :126 - Parsing item.
10-04-2023 @ 10:10:31 - Row :126 - Processing item.
10-04-2023 @ 10:10:31 - Processing users.
10-04-2023 @ 10:10:31 - > &#8220;163&#8221;User imported successfully. ID:163
10-04-2023 @ 10:10:31 - > Finished importing user 163
10-04-2023 @ 10:10:31 - Row :126 - User imported successfully.
10-04-2023 @ 10:10:31 - Row :127 - Parsing item.
10-04-2023 @ 10:10:31 - Row :127 - Processing item.
10-04-2023 @ 10:10:31 - Processing users.
10-04-2023 @ 10:10:31 - > &#8220;164&#8221;User imported successfully. ID:164
10-04-2023 @ 10:10:31 - > Finished importing user 164
10-04-2023 @ 10:10:31 - Row :127 - User imported successfully.
10-04-2023 @ 10:10:31 - Row :128 - Parsing item.
10-04-2023 @ 10:10:31 - Row :128 - Processing item.
10-04-2023 @ 10:10:31 - Processing users.
10-04-2023 @ 10:10:31 - > &#8220;165&#8221;User imported successfully. ID:165
10-04-2023 @ 10:10:31 - > Finished importing user 165
10-04-2023 @ 10:10:31 - Row :128 - User imported successfully.
10-04-2023 @ 10:10:31 - Row :129 - Parsing item.
10-04-2023 @ 10:10:31 - Row :129 - Processing item.
10-04-2023 @ 10:10:31 - Processing users.
10-04-2023 @ 10:10:31 - > &#8220;166&#8221;User imported successfully. ID:166
10-04-2023 @ 10:10:31 - > Finished importing user 166
10-04-2023 @ 10:10:31 - Row :129 - User imported successfully.
10-04-2023 @ 10:10:31 - Row :130 - Parsing item.
10-04-2023 @ 10:10:31 - Row :130 - Processing item.
10-04-2023 @ 10:10:31 - Processing users.
10-04-2023 @ 10:10:31 - > &#8220;167&#8221;User imported successfully. ID:167
10-04-2023 @ 10:10:31 - > Finished importing user 167
10-04-2023 @ 10:10:31 - Row :130 - User imported successfully.
10-04-2023 @ 10:10:32 - Preparing for import.
10-04-2023 @ 10:10:32 - Row :131 - Parsing item.
10-04-2023 @ 10:10:32 - Row :131 - Processing item.
10-04-2023 @ 10:10:32 - Processing users.
10-04-2023 @ 10:10:32 - > &#8220;168&#8221;User imported successfully. ID:168
10-04-2023 @ 10:10:32 - > Finished importing user 168
10-04-2023 @ 10:10:32 - Row :131 - User imported successfully.
10-04-2023 @ 10:10:32 - Row :132 - Parsing item.
10-04-2023 @ 10:10:32 - Row :132 - Processing item.
10-04-2023 @ 10:10:32 - Processing users.
10-04-2023 @ 10:10:32 - > &#8220;169&#8221;User imported successfully. ID:169
10-04-2023 @ 10:10:32 - > Finished importing user 169
10-04-2023 @ 10:10:32 - Row :132 - User imported successfully.
10-04-2023 @ 10:10:32 - Row :133 - Parsing item.
10-04-2023 @ 10:10:32 - Row :133 - Processing item.
10-04-2023 @ 10:10:32 - Processing users.
10-04-2023 @ 10:10:32 - > &#8220;170&#8221;User imported successfully. ID:170
10-04-2023 @ 10:10:32 - > Finished importing user 170
10-04-2023 @ 10:10:32 - Row :133 - User imported successfully.
10-04-2023 @ 10:10:32 - Row :134 - Parsing item.
10-04-2023 @ 10:10:32 - Row :134 - Processing item.
10-04-2023 @ 10:10:32 - Processing users.
10-04-2023 @ 10:10:32 - > &#8220;171&#8221;User imported successfully. ID:171
10-04-2023 @ 10:10:32 - > Finished importing user 171
10-04-2023 @ 10:10:32 - Row :134 - User imported successfully.
10-04-2023 @ 10:10:32 - Row :135 - Parsing item.
10-04-2023 @ 10:10:32 - Row :135 - Processing item.
10-04-2023 @ 10:10:32 - Processing users.
10-04-2023 @ 10:10:32 - > &#8220;172&#8221;User imported successfully. ID:172
10-04-2023 @ 10:10:32 - > Finished importing user 172
10-04-2023 @ 10:10:32 - Row :135 - User imported successfully.
10-04-2023 @ 10:10:32 - Row :136 - Parsing item.
10-04-2023 @ 10:10:32 - Row :136 - Processing item.
10-04-2023 @ 10:10:32 - Processing users.
10-04-2023 @ 10:10:32 - > &#8220;173&#8221;User imported successfully. ID:173
10-04-2023 @ 10:10:32 - > Finished importing user 173
10-04-2023 @ 10:10:32 - Row :136 - User imported successfully.
10-04-2023 @ 10:10:32 - Row :137 - Parsing item.
10-04-2023 @ 10:10:32 - Row :137 - Processing item.
10-04-2023 @ 10:10:32 - Processing users.
10-04-2023 @ 10:10:32 - > &#8220;174&#8221;User imported successfully. ID:174
10-04-2023 @ 10:10:32 - > Finished importing user 174
10-04-2023 @ 10:10:32 - Row :137 - User imported successfully.
10-04-2023 @ 10:10:32 - Row :138 - Parsing item.
10-04-2023 @ 10:10:32 - Row :138 - Processing item.
10-04-2023 @ 10:10:32 - Processing users.
10-04-2023 @ 10:10:32 - > &#8220;175&#8221;User imported successfully. ID:175
10-04-2023 @ 10:10:32 - > Finished importing user 175
10-04-2023 @ 10:10:32 - Row :138 - User imported successfully.
10-04-2023 @ 10:10:32 - Row :139 - Parsing item.
10-04-2023 @ 10:10:32 - Row :139 - Processing item.
10-04-2023 @ 10:10:32 - Processing users.
10-04-2023 @ 10:10:32 - > &#8220;176&#8221;User imported successfully. ID:176
10-04-2023 @ 10:10:32 - > Finished importing user 176
10-04-2023 @ 10:10:32 - Row :139 - User imported successfully.
10-04-2023 @ 10:10:32 - Row :140 - Parsing item.
10-04-2023 @ 10:10:32 - Row :140 - Processing item.
10-04-2023 @ 10:10:32 - Processing users.
10-04-2023 @ 10:10:32 - > &#8220;177&#8221;User imported successfully. ID:177
10-04-2023 @ 10:10:32 - > Finished importing user 177
10-04-2023 @ 10:10:32 - Row :140 - User imported successfully.
10-04-2023 @ 10:10:33 - Preparing for import.
10-04-2023 @ 10:10:33 - Row :141 - Parsing item.
10-04-2023 @ 10:10:33 - Row :141 - Processing item.
10-04-2023 @ 10:10:33 - Processing users.
10-04-2023 @ 10:10:33 - > &#8220;178&#8221;User imported successfully. ID:178
10-04-2023 @ 10:10:33 - > Finished importing user 178
10-04-2023 @ 10:10:33 - Row :141 - User imported successfully.
10-04-2023 @ 10:10:33 - Row :142 - Parsing item.
10-04-2023 @ 10:10:33 - Row :142 - Processing item.
10-04-2023 @ 10:10:33 - Processing users.
10-04-2023 @ 10:10:33 - > &#8220;179&#8221;User imported successfully. ID:179
10-04-2023 @ 10:10:33 - > Finished importing user 179
10-04-2023 @ 10:10:33 - Row :142 - User imported successfully.
10-04-2023 @ 10:10:33 - Row :143 - Parsing item.
10-04-2023 @ 10:10:33 - Row :143 - Processing item.
10-04-2023 @ 10:10:33 - Processing users.
10-04-2023 @ 10:10:33 - > &#8220;180&#8221;User imported successfully. ID:180
10-04-2023 @ 10:10:33 - > Finished importing user 180
10-04-2023 @ 10:10:33 - Row :143 - User imported successfully.
10-04-2023 @ 10:10:33 - Row :144 - Parsing item.
10-04-2023 @ 10:10:33 - Row :144 - Processing item.
10-04-2023 @ 10:10:33 - Processing users.
10-04-2023 @ 10:10:33 - > &#8220;181&#8221;User imported successfully. ID:181
10-04-2023 @ 10:10:33 - > Finished importing user 181
10-04-2023 @ 10:10:33 - Row :144 - User imported successfully.
10-04-2023 @ 10:10:33 - Row :145 - Parsing item.
10-04-2023 @ 10:10:33 - Row :145 - Processing item.
10-04-2023 @ 10:10:33 - Processing users.
10-04-2023 @ 10:10:33 - > &#8220;182&#8221;User imported successfully. ID:182
10-04-2023 @ 10:10:33 - > Finished importing user 182
10-04-2023 @ 10:10:33 - Row :145 - User imported successfully.
10-04-2023 @ 10:10:33 - Row :146 - Parsing item.
10-04-2023 @ 10:10:33 - Row :146 - Processing item.
10-04-2023 @ 10:10:33 - Processing users.
10-04-2023 @ 10:10:33 - > &#8220;183&#8221;User imported successfully. ID:183
10-04-2023 @ 10:10:33 - > Finished importing user 183
10-04-2023 @ 10:10:33 - Row :146 - User imported successfully.
10-04-2023 @ 10:10:33 - Row :147 - Parsing item.
10-04-2023 @ 10:10:33 - Row :147 - Processing item.
10-04-2023 @ 10:10:33 - Processing users.
10-04-2023 @ 10:10:33 - > &#8220;184&#8221;User imported successfully. ID:184
10-04-2023 @ 10:10:33 - > Finished importing user 184
10-04-2023 @ 10:10:33 - Row :147 - User imported successfully.
10-04-2023 @ 10:10:33 - Row :148 - Parsing item.
10-04-2023 @ 10:10:33 - Row :148 - Processing item.
10-04-2023 @ 10:10:33 - Processing users.
10-04-2023 @ 10:10:33 - > &#8220;185&#8221;User imported successfully. ID:185
10-04-2023 @ 10:10:33 - > Finished importing user 185
10-04-2023 @ 10:10:33 - Row :148 - User imported successfully.
10-04-2023 @ 10:10:33 - Row :149 - Parsing item.
10-04-2023 @ 10:10:33 - Row :149 - Processing item.
10-04-2023 @ 10:10:33 - Processing users.
10-04-2023 @ 10:10:33 - > &#8220;186&#8221;User imported successfully. ID:186
10-04-2023 @ 10:10:33 - > Finished importing user 186
10-04-2023 @ 10:10:33 - Row :149 - User imported successfully.
10-04-2023 @ 10:10:33 - Row :150 - Parsing item.
10-04-2023 @ 10:10:33 - Row :150 - Processing item.
10-04-2023 @ 10:10:33 - Processing users.
10-04-2023 @ 10:10:33 - > &#8220;187&#8221;User imported successfully. ID:187
10-04-2023 @ 10:10:33 - > Finished importing user 187
10-04-2023 @ 10:10:33 - Row :150 - User imported successfully.
10-04-2023 @ 10:10:34 - Preparing for import.
10-04-2023 @ 10:10:34 - Row :151 - Parsing item.
10-04-2023 @ 10:10:34 - Row :151 - Processing item.
10-04-2023 @ 10:10:34 - Processing users.
10-04-2023 @ 10:10:34 - > &#8220;188&#8221;User imported successfully. ID:188
10-04-2023 @ 10:10:34 - > Finished importing user 188
10-04-2023 @ 10:10:34 - Row :151 - User imported successfully.
10-04-2023 @ 10:10:34 - Row :152 - Parsing item.
10-04-2023 @ 10:10:34 - Row :152 - Processing item.
10-04-2023 @ 10:10:34 - Processing users.
10-04-2023 @ 10:10:34 - > &#8220;189&#8221;User imported successfully. ID:189
10-04-2023 @ 10:10:34 - > Finished importing user 189
10-04-2023 @ 10:10:34 - Row :152 - User imported successfully.
10-04-2023 @ 10:10:34 - Row :153 - Parsing item.
10-04-2023 @ 10:10:34 - Row :153 - Processing item.
10-04-2023 @ 10:10:34 - Processing users.
10-04-2023 @ 10:10:34 - > &#8220;190&#8221;User imported successfully. ID:190
10-04-2023 @ 10:10:34 - > Finished importing user 190
10-04-2023 @ 10:10:34 - Row :153 - User imported successfully.
10-04-2023 @ 10:10:34 - Row :154 - Parsing item.
10-04-2023 @ 10:10:34 - Row :154 - Processing item.
10-04-2023 @ 10:10:34 - Processing users.
10-04-2023 @ 10:10:34 - > &#8220;191&#8221;User imported successfully. ID:191
10-04-2023 @ 10:10:34 - > Finished importing user 191
10-04-2023 @ 10:10:34 - Row :154 - User imported successfully.
10-04-2023 @ 10:10:34 - Row :155 - Parsing item.
10-04-2023 @ 10:10:34 - Row :155 - Processing item.
10-04-2023 @ 10:10:34 - Processing users.
10-04-2023 @ 10:10:34 - > &#8220;192&#8221;User imported successfully. ID:192
10-04-2023 @ 10:10:34 - > Finished importing user 192
10-04-2023 @ 10:10:34 - Row :155 - User imported successfully.
10-04-2023 @ 10:10:34 - Row :156 - Parsing item.
10-04-2023 @ 10:10:34 - Row :156 - Processing item.
10-04-2023 @ 10:10:34 - Processing users.
10-04-2023 @ 10:10:34 - > &#8220;193&#8221;User imported successfully. ID:193
10-04-2023 @ 10:10:34 - > Finished importing user 193
10-04-2023 @ 10:10:34 - Row :156 - User imported successfully.
10-04-2023 @ 10:10:34 - Row :157 - Parsing item.
10-04-2023 @ 10:10:34 - Row :157 - Processing item.
10-04-2023 @ 10:10:34 - Processing users.
10-04-2023 @ 10:10:34 - > &#8220;194&#8221;User imported successfully. ID:194
10-04-2023 @ 10:10:34 - > Finished importing user 194
10-04-2023 @ 10:10:34 - Row :157 - User imported successfully.
10-04-2023 @ 10:10:34 - Row :158 - Parsing item.
10-04-2023 @ 10:10:34 - Row :158 - Processing item.
10-04-2023 @ 10:10:34 - Processing users.
10-04-2023 @ 10:10:34 - > &#8220;195&#8221;User imported successfully. ID:195
10-04-2023 @ 10:10:34 - > Finished importing user 195
10-04-2023 @ 10:10:34 - Row :158 - User imported successfully.
10-04-2023 @ 10:10:34 - Row :159 - Parsing item.
10-04-2023 @ 10:10:34 - Row :159 - Processing item.
10-04-2023 @ 10:10:34 - Processing users.
10-04-2023 @ 10:10:34 - > &#8220;196&#8221;User imported successfully. ID:196
10-04-2023 @ 10:10:34 - > Finished importing user 196
10-04-2023 @ 10:10:34 - Row :159 - User imported successfully.
10-04-2023 @ 10:10:34 - Row :160 - Parsing item.
10-04-2023 @ 10:10:34 - Row :160 - Processing item.
10-04-2023 @ 10:10:34 - Processing users.
10-04-2023 @ 10:10:35 - > &#8220;197&#8221;User imported successfully. ID:197
10-04-2023 @ 10:10:35 - > Finished importing user 197
10-04-2023 @ 10:10:35 - Row :160 - User imported successfully.
10-04-2023 @ 10:10:35 - Preparing for import.
10-04-2023 @ 10:10:35 - Row :161 - Parsing item.
10-04-2023 @ 10:10:35 - Row :161 - Processing item.
10-04-2023 @ 10:10:35 - Processing users.
10-04-2023 @ 10:10:35 - > &#8220;198&#8221;User imported successfully. ID:198
10-04-2023 @ 10:10:35 - > Finished importing user 198
10-04-2023 @ 10:10:35 - Row :161 - User imported successfully.
10-04-2023 @ 10:10:35 - Row :162 - Parsing item.
10-04-2023 @ 10:10:35 - Row :162 - Processing item.
10-04-2023 @ 10:10:35 - Processing users.
10-04-2023 @ 10:10:35 - > &#8220;199&#8221;User imported successfully. ID:199
10-04-2023 @ 10:10:35 - > Finished importing user 199
10-04-2023 @ 10:10:35 - Row :162 - User imported successfully.
10-04-2023 @ 10:10:35 - Row :163 - Parsing item.
10-04-2023 @ 10:10:35 - Row :163 - Processing item.
10-04-2023 @ 10:10:35 - Processing users.
10-04-2023 @ 10:10:35 - > &#8220;200&#8221;User imported successfully. ID:200
10-04-2023 @ 10:10:35 - > Finished importing user 200
10-04-2023 @ 10:10:35 - Row :163 - User imported successfully.
10-04-2023 @ 10:10:35 - Row :164 - Parsing item.
10-04-2023 @ 10:10:35 - Row :164 - Processing item.
10-04-2023 @ 10:10:35 - Processing users.
10-04-2023 @ 10:10:35 - > &#8220;201&#8221;User imported successfully. ID:201
10-04-2023 @ 10:10:35 - > Finished importing user 201
10-04-2023 @ 10:10:35 - Row :164 - User imported successfully.
10-04-2023 @ 10:10:35 - Row :165 - Parsing item.
10-04-2023 @ 10:10:35 - Row :165 - Processing item.
10-04-2023 @ 10:10:35 - Processing users.
10-04-2023 @ 10:10:35 - > &#8220;202&#8221;User imported successfully. ID:202
10-04-2023 @ 10:10:35 - > Finished importing user 202
10-04-2023 @ 10:10:35 - Row :165 - User imported successfully.
10-04-2023 @ 10:10:35 - Row :166 - Parsing item.
10-04-2023 @ 10:10:35 - Row :166 - Processing item.
10-04-2023 @ 10:10:35 - Processing users.
10-04-2023 @ 10:10:35 - > &#8220;203&#8221;User imported successfully. ID:203
10-04-2023 @ 10:10:35 - > Finished importing user 203
10-04-2023 @ 10:10:35 - Row :166 - User imported successfully.
10-04-2023 @ 10:10:35 - Row :167 - Parsing item.
10-04-2023 @ 10:10:35 - Row :167 - Processing item.
10-04-2023 @ 10:10:35 - Processing users.
10-04-2023 @ 10:10:36 - > &#8220;204&#8221;User imported successfully. ID:204
10-04-2023 @ 10:10:36 - > Finished importing user 204
10-04-2023 @ 10:10:36 - Row :167 - User imported successfully.
10-04-2023 @ 10:10:36 - Row :168 - Parsing item.
10-04-2023 @ 10:10:36 - Row :168 - Processing item.
10-04-2023 @ 10:10:36 - Processing users.
10-04-2023 @ 10:10:36 - > &#8220;205&#8221;User imported successfully. ID:205
10-04-2023 @ 10:10:36 - > Finished importing user 205
10-04-2023 @ 10:10:36 - Row :168 - User imported successfully.
10-04-2023 @ 10:10:36 - Row :169 - Parsing item.
10-04-2023 @ 10:10:36 - Row :169 - Processing item.
10-04-2023 @ 10:10:36 - Processing users.
10-04-2023 @ 10:10:36 - > &#8220;206&#8221;User imported successfully. ID:206
10-04-2023 @ 10:10:36 - > Finished importing user 206
10-04-2023 @ 10:10:36 - Row :169 - User imported successfully.
10-04-2023 @ 10:10:36 - Row :170 - Parsing item.
10-04-2023 @ 10:10:36 - Row :170 - Processing item.
10-04-2023 @ 10:10:36 - Processing users.
10-04-2023 @ 10:10:36 - > &#8220;207&#8221;User imported successfully. ID:207
10-04-2023 @ 10:10:36 - > Finished importing user 207
10-04-2023 @ 10:10:36 - Row :170 - User imported successfully.
10-04-2023 @ 10:10:36 - Preparing for import.
10-04-2023 @ 10:10:36 - Row :171 - Parsing item.
10-04-2023 @ 10:10:36 - Row :171 - Processing item.
10-04-2023 @ 10:10:36 - Processing users.
10-04-2023 @ 10:10:36 - > &#8220;208&#8221;User imported successfully. ID:208
10-04-2023 @ 10:10:36 - > Finished importing user 208
10-04-2023 @ 10:10:36 - Row :171 - User imported successfully.
10-04-2023 @ 10:10:36 - Row :172 - Parsing item.
10-04-2023 @ 10:10:36 - Row :172 - Processing item.
10-04-2023 @ 10:10:36 - Processing users.
10-04-2023 @ 10:10:37 - > &#8220;209&#8221;User imported successfully. ID:209
10-04-2023 @ 10:10:37 - > Finished importing user 209
10-04-2023 @ 10:10:37 - Row :172 - User imported successfully.
10-04-2023 @ 10:10:37 - Row :173 - Parsing item.
10-04-2023 @ 10:10:37 - Row :173 - Processing item.
10-04-2023 @ 10:10:37 - Processing users.
10-04-2023 @ 10:10:37 - > &#8220;210&#8221;User imported successfully. ID:210
10-04-2023 @ 10:10:37 - > Finished importing user 210
10-04-2023 @ 10:10:37 - Row :173 - User imported successfully.
10-04-2023 @ 10:10:37 - Row :174 - Parsing item.
10-04-2023 @ 10:10:37 - Row :174 - Processing item.
10-04-2023 @ 10:10:37 - Processing users.
10-04-2023 @ 10:10:37 - > &#8220;211&#8221;User imported successfully. ID:211
10-04-2023 @ 10:10:37 - > Finished importing user 211
10-04-2023 @ 10:10:37 - Row :174 - User imported successfully.
10-04-2023 @ 10:10:37 - Row :175 - Parsing item.
10-04-2023 @ 10:10:37 - Row :175 - Processing item.
10-04-2023 @ 10:10:37 - Processing users.
10-04-2023 @ 10:10:37 - > &#8220;212&#8221;User imported successfully. ID:212
10-04-2023 @ 10:10:37 - > Finished importing user 212
10-04-2023 @ 10:10:37 - Row :175 - User imported successfully.
10-04-2023 @ 10:10:37 - Row :176 - Parsing item.
10-04-2023 @ 10:10:37 - Row :176 - Processing item.
10-04-2023 @ 10:10:37 - Processing users.
10-04-2023 @ 10:10:37 - > &#8220;213&#8221;User imported successfully. ID:213
10-04-2023 @ 10:10:37 - > Finished importing user 213
10-04-2023 @ 10:10:37 - Row :176 - User imported successfully.
10-04-2023 @ 10:10:37 - Row :177 - Parsing item.
10-04-2023 @ 10:10:37 - Row :177 - Processing item.
10-04-2023 @ 10:10:37 - Processing users.
10-04-2023 @ 10:10:37 - > &#8220;214&#8221;User imported successfully. ID:214
10-04-2023 @ 10:10:37 - > Finished importing user 214
10-04-2023 @ 10:10:37 - Row :177 - User imported successfully.
10-04-2023 @ 10:10:37 - Row :178 - Parsing item.
10-04-2023 @ 10:10:37 - Row :178 - Processing item.
10-04-2023 @ 10:10:37 - Processing users.
10-04-2023 @ 10:10:37 - > &#8220;215&#8221;User imported successfully. ID:215
10-04-2023 @ 10:10:37 - > Finished importing user 215
10-04-2023 @ 10:10:37 - Row :178 - User imported successfully.
10-04-2023 @ 10:10:37 - Row :179 - Parsing item.
10-04-2023 @ 10:10:37 - Row :179 - Processing item.
10-04-2023 @ 10:10:37 - Processing users.
10-04-2023 @ 10:10:37 - > &#8220;216&#8221;User imported successfully. ID:216
10-04-2023 @ 10:10:37 - > Finished importing user 216
10-04-2023 @ 10:10:37 - Row :179 - User imported successfully.
10-04-2023 @ 10:10:37 - Row :180 - Parsing item.
10-04-2023 @ 10:10:37 - Row :180 - Processing item.
10-04-2023 @ 10:10:37 - Processing users.
10-04-2023 @ 10:10:37 - > &#8220;217&#8221;User imported successfully. ID:217
10-04-2023 @ 10:10:37 - > Finished importing user 217
10-04-2023 @ 10:10:37 - Row :180 - User imported successfully.
10-04-2023 @ 10:10:38 - Preparing for import.
10-04-2023 @ 10:10:38 - Row :181 - Parsing item.
10-04-2023 @ 10:10:38 - Row :181 - Processing item.
10-04-2023 @ 10:10:38 - Processing users.
10-04-2023 @ 10:10:38 - > &#8220;218&#8221;User imported successfully. ID:218
10-04-2023 @ 10:10:38 - > Finished importing user 218
10-04-2023 @ 10:10:38 - Row :181 - User imported successfully.
10-04-2023 @ 10:10:38 - Row :182 - Parsing item.
10-04-2023 @ 10:10:38 - Row :182 - Processing item.
10-04-2023 @ 10:10:38 - Processing users.
10-04-2023 @ 10:10:38 - > &#8220;219&#8221;User imported successfully. ID:219
10-04-2023 @ 10:10:38 - > Finished importing user 219
10-04-2023 @ 10:10:38 - Row :182 - User imported successfully.
10-04-2023 @ 10:10:38 - Row :183 - Parsing item.
10-04-2023 @ 10:10:38 - Row :183 - Processing item.
10-04-2023 @ 10:10:38 - Processing users.
10-04-2023 @ 10:10:38 - > &#8220;220&#8221;User imported successfully. ID:220
10-04-2023 @ 10:10:38 - > Finished importing user 220
10-04-2023 @ 10:10:38 - Row :183 - User imported successfully.
10-04-2023 @ 10:10:38 - Row :184 - Parsing item.
10-04-2023 @ 10:10:38 - Row :184 - Processing item.
10-04-2023 @ 10:10:38 - Processing users.
10-04-2023 @ 10:10:38 - > &#8220;221&#8221;User imported successfully. ID:221
10-04-2023 @ 10:10:38 - > Finished importing user 221
10-04-2023 @ 10:10:38 - Row :184 - User imported successfully.
10-04-2023 @ 10:10:38 - Row :185 - Parsing item.
10-04-2023 @ 10:10:38 - Row :185 - Processing item.
10-04-2023 @ 10:10:38 - Processing users.
10-04-2023 @ 10:10:38 - > &#8220;222&#8221;User imported successfully. ID:222
10-04-2023 @ 10:10:38 - > Finished importing user 222
10-04-2023 @ 10:10:38 - Row :185 - User imported successfully.
10-04-2023 @ 10:10:38 - Row :186 - Parsing item.
10-04-2023 @ 10:10:38 - Row :186 - Processing item.
10-04-2023 @ 10:10:38 - Processing users.
10-04-2023 @ 10:10:38 - > &#8220;223&#8221;User imported successfully. ID:223
10-04-2023 @ 10:10:38 - > Finished importing user 223
10-04-2023 @ 10:10:38 - Row :186 - User imported successfully.
10-04-2023 @ 10:10:38 - Row :187 - Parsing item.
10-04-2023 @ 10:10:38 - Row :187 - Processing item.
10-04-2023 @ 10:10:38 - Processing users.
10-04-2023 @ 10:10:38 - > &#8220;224&#8221;User imported successfully. ID:224
10-04-2023 @ 10:10:38 - > Finished importing user 224
10-04-2023 @ 10:10:38 - Row :187 - User imported successfully.
10-04-2023 @ 10:10:38 - Row :188 - Parsing item.
10-04-2023 @ 10:10:38 - Row :188 - Processing item.
10-04-2023 @ 10:10:38 - Processing users.
10-04-2023 @ 10:10:38 - > &#8220;225&#8221;User imported successfully. ID:225
10-04-2023 @ 10:10:38 - > Finished importing user 225
10-04-2023 @ 10:10:38 - Row :188 - User imported successfully.
10-04-2023 @ 10:10:38 - Row :189 - Parsing item.
10-04-2023 @ 10:10:38 - Row :189 - Processing item.
10-04-2023 @ 10:10:38 - Processing users.
10-04-2023 @ 10:10:38 - > &#8220;226&#8221;User imported successfully. ID:226
10-04-2023 @ 10:10:38 - > Finished importing user 226
10-04-2023 @ 10:10:38 - Row :189 - User imported successfully.
10-04-2023 @ 10:10:38 - Row :190 - Parsing item.
10-04-2023 @ 10:10:38 - Row :190 - Processing item.
10-04-2023 @ 10:10:38 - Processing users.
10-04-2023 @ 10:10:38 - > &#8220;227&#8221;User imported successfully. ID:227
10-04-2023 @ 10:10:38 - > Finished importing user 227
10-04-2023 @ 10:10:38 - Row :190 - User imported successfully.
10-04-2023 @ 10:10:39 - Preparing for import.
10-04-2023 @ 10:10:39 - Row :191 - Parsing item.
10-04-2023 @ 10:10:39 - Row :191 - Processing item.
10-04-2023 @ 10:10:39 - Processing users.
10-04-2023 @ 10:10:39 - > &#8220;228&#8221;User imported successfully. ID:228
10-04-2023 @ 10:10:39 - > Finished importing user 228
10-04-2023 @ 10:10:39 - Row :191 - User imported successfully.
10-04-2023 @ 10:10:39 - Row :192 - Parsing item.
10-04-2023 @ 10:10:39 - Row :192 - Processing item.
10-04-2023 @ 10:10:39 - Processing users.
10-04-2023 @ 10:10:39 - > &#8220;229&#8221;User imported successfully. ID:229
10-04-2023 @ 10:10:39 - > Finished importing user 229
10-04-2023 @ 10:10:39 - Row :192 - User imported successfully.
10-04-2023 @ 10:10:39 - Row :193 - Parsing item.
10-04-2023 @ 10:10:39 - Row :193 - Processing item.
10-04-2023 @ 10:10:39 - Processing users.
10-04-2023 @ 10:10:39 - > &#8220;230&#8221;User imported successfully. ID:230
10-04-2023 @ 10:10:39 - > Finished importing user 230
10-04-2023 @ 10:10:39 - Row :193 - User imported successfully.
10-04-2023 @ 10:10:39 - Row :194 - Parsing item.
10-04-2023 @ 10:10:39 - Row :194 - Processing item.
10-04-2023 @ 10:10:39 - Processing users.
10-04-2023 @ 10:10:39 - > &#8220;231&#8221;User imported successfully. ID:231
10-04-2023 @ 10:10:39 - > Finished importing user 231
10-04-2023 @ 10:10:39 - Row :194 - User imported successfully.
10-04-2023 @ 10:10:39 - Row :195 - Parsing item.
10-04-2023 @ 10:10:39 - Row :195 - Processing item.
10-04-2023 @ 10:10:39 - Processing users.
10-04-2023 @ 10:10:39 - > &#8220;232&#8221;User imported successfully. ID:232
10-04-2023 @ 10:10:39 - > Finished importing user 232
10-04-2023 @ 10:10:39 - Row :195 - User imported successfully.
10-04-2023 @ 10:10:39 - Row :196 - Parsing item.
10-04-2023 @ 10:10:39 - Row :196 - Processing item.
10-04-2023 @ 10:10:39 - Processing users.
10-04-2023 @ 10:10:39 - > &#8220;233&#8221;User imported successfully. ID:233
10-04-2023 @ 10:10:39 - > Finished importing user 233
10-04-2023 @ 10:10:39 - Row :196 - User imported successfully.
10-04-2023 @ 10:10:39 - Row :197 - Parsing item.
10-04-2023 @ 10:10:39 - Row :197 - Processing item.
10-04-2023 @ 10:10:39 - Processing users.
10-04-2023 @ 10:10:39 - > &#8220;234&#8221;User imported successfully. ID:234
10-04-2023 @ 10:10:39 - > Finished importing user 234
10-04-2023 @ 10:10:39 - Row :197 - User imported successfully.
10-04-2023 @ 10:10:39 - Row :198 - Parsing item.
10-04-2023 @ 10:10:39 - Row :198 - Processing item.
10-04-2023 @ 10:10:39 - Processing users.
10-04-2023 @ 10:10:39 - > &#8220;235&#8221;User imported successfully. ID:235
10-04-2023 @ 10:10:39 - > Finished importing user 235
10-04-2023 @ 10:10:39 - Row :198 - User imported successfully.
10-04-2023 @ 10:10:39 - Row :199 - Parsing item.
10-04-2023 @ 10:10:39 - Row :199 - Processing item.
10-04-2023 @ 10:10:39 - Processing users.
10-04-2023 @ 10:10:39 - > &#8220;236&#8221;User imported successfully. ID:236
10-04-2023 @ 10:10:39 - > Finished importing user 236
10-04-2023 @ 10:10:39 - Row :199 - User imported successfully.
10-04-2023 @ 10:10:39 - Row :200 - Parsing item.
10-04-2023 @ 10:10:39 - Row :200 - Processing item.
10-04-2023 @ 10:10:39 - Processing users.
10-04-2023 @ 10:10:39 - > &#8220;237&#8221;User imported successfully. ID:237
10-04-2023 @ 10:10:39 - > Finished importing user 237
10-04-2023 @ 10:10:39 - Row :200 - User imported successfully.
10-04-2023 @ 10:10:40 - Preparing for import.
10-04-2023 @ 10:10:40 - Row :201 - Parsing item.
10-04-2023 @ 10:10:40 - Row :201 - Processing item.
10-04-2023 @ 10:10:40 - Processing users.
10-04-2023 @ 10:10:40 - > &#8220;238&#8221;User imported successfully. ID:238
10-04-2023 @ 10:10:40 - > Finished importing user 238
10-04-2023 @ 10:10:40 - Row :201 - User imported successfully.
10-04-2023 @ 10:10:40 - Row :202 - Parsing item.
10-04-2023 @ 10:10:40 - Row :202 - Processing item.
10-04-2023 @ 10:10:40 - Processing users.
10-04-2023 @ 10:10:40 - > &#8220;239&#8221;User imported successfully. ID:239
10-04-2023 @ 10:10:40 - > Finished importing user 239
10-04-2023 @ 10:10:40 - Row :202 - User imported successfully.
10-04-2023 @ 10:10:40 - Row :203 - Parsing item.
10-04-2023 @ 10:10:40 - Row :203 - Processing item.
10-04-2023 @ 10:10:40 - Processing users.
10-04-2023 @ 10:10:40 - > &#8220;240&#8221;User imported successfully. ID:240
10-04-2023 @ 10:10:40 - > Finished importing user 240
10-04-2023 @ 10:10:40 - Row :203 - User imported successfully.
10-04-2023 @ 10:10:40 - Row :204 - Parsing item.
10-04-2023 @ 10:10:40 - Row :204 - Processing item.
10-04-2023 @ 10:10:40 - Processing users.
10-04-2023 @ 10:10:40 - > &#8220;241&#8221;User imported successfully. ID:241
10-04-2023 @ 10:10:40 - > Finished importing user 241
10-04-2023 @ 10:10:40 - Row :204 - User imported successfully.
10-04-2023 @ 10:10:40 - Row :205 - Parsing item.
10-04-2023 @ 10:10:40 - Row :205 - Processing item.
10-04-2023 @ 10:10:40 - Processing users.
10-04-2023 @ 10:10:40 - > &#8220;242&#8221;User imported successfully. ID:242
10-04-2023 @ 10:10:40 - > Finished importing user 242
10-04-2023 @ 10:10:40 - Row :205 - User imported successfully.
10-04-2023 @ 10:10:40 - Row :206 - Parsing item.
10-04-2023 @ 10:10:40 - Row :206 - Processing item.
10-04-2023 @ 10:10:40 - Processing users.
10-04-2023 @ 10:10:40 - > &#8220;243&#8221;User imported successfully. ID:243
10-04-2023 @ 10:10:40 - > Finished importing user 243
10-04-2023 @ 10:10:40 - Row :206 - User imported successfully.
10-04-2023 @ 10:10:40 - Row :207 - Parsing item.
10-04-2023 @ 10:10:40 - Row :207 - Processing item.
10-04-2023 @ 10:10:40 - Processing users.
10-04-2023 @ 10:10:40 - > &#8220;244&#8221;User imported successfully. ID:244
10-04-2023 @ 10:10:40 - > Finished importing user 244
10-04-2023 @ 10:10:40 - Row :207 - User imported successfully.
10-04-2023 @ 10:10:40 - Row :208 - Parsing item.
10-04-2023 @ 10:10:40 - Row :208 - Processing item.
10-04-2023 @ 10:10:40 - Processing users.
10-04-2023 @ 10:10:40 - > &#8220;245&#8221;User imported successfully. ID:245
10-04-2023 @ 10:10:40 - > Finished importing user 245
10-04-2023 @ 10:10:40 - Row :208 - User imported successfully.
10-04-2023 @ 10:10:40 - Row :209 - Parsing item.
10-04-2023 @ 10:10:40 - Row :209 - Processing item.
10-04-2023 @ 10:10:40 - Processing users.
10-04-2023 @ 10:10:41 - > &#8220;246&#8221;User imported successfully. ID:246
10-04-2023 @ 10:10:41 - > Finished importing user 246
10-04-2023 @ 10:10:41 - Row :209 - User imported successfully.
10-04-2023 @ 10:10:41 - Row :210 - Parsing item.
10-04-2023 @ 10:10:41 - Row :210 - Processing item.
10-04-2023 @ 10:10:41 - Processing users.
10-04-2023 @ 10:10:41 - > &#8220;247&#8221;User imported successfully. ID:247
10-04-2023 @ 10:10:41 - > Finished importing user 247
10-04-2023 @ 10:10:41 - Row :210 - User imported successfully.
10-04-2023 @ 10:10:41 - Preparing for import.
10-04-2023 @ 10:10:41 - Row :211 - Parsing item.
10-04-2023 @ 10:10:41 - Row :211 - Processing item.
10-04-2023 @ 10:10:41 - Processing users.
10-04-2023 @ 10:10:41 - > &#8220;248&#8221;User imported successfully. ID:248
10-04-2023 @ 10:10:41 - > Finished importing user 248
10-04-2023 @ 10:10:41 - Row :211 - User imported successfully.
10-04-2023 @ 10:10:41 - Row :212 - Parsing item.
10-04-2023 @ 10:10:41 - Row :212 - Processing item.
10-04-2023 @ 10:10:41 - Processing users.
10-04-2023 @ 10:10:41 - > &#8220;249&#8221;User imported successfully. ID:249
10-04-2023 @ 10:10:41 - > Finished importing user 249
10-04-2023 @ 10:10:41 - Row :212 - User imported successfully.
10-04-2023 @ 10:10:41 - Row :213 - Parsing item.
10-04-2023 @ 10:10:41 - Row :213 - Processing item.
10-04-2023 @ 10:10:41 - Processing users.
10-04-2023 @ 10:10:41 - > &#8220;250&#8221;User imported successfully. ID:250
10-04-2023 @ 10:10:41 - > Finished importing user 250
10-04-2023 @ 10:10:41 - Row :213 - User imported successfully.
10-04-2023 @ 10:10:41 - Row :214 - Parsing item.
10-04-2023 @ 10:10:41 - Row :214 - Processing item.
10-04-2023 @ 10:10:41 - Processing users.
10-04-2023 @ 10:10:41 - > &#8220;251&#8221;User imported successfully. ID:251
10-04-2023 @ 10:10:41 - > Finished importing user 251
10-04-2023 @ 10:10:41 - Row :214 - User imported successfully.
10-04-2023 @ 10:10:41 - Row :215 - Parsing item.
10-04-2023 @ 10:10:41 - Row :215 - Processing item.
10-04-2023 @ 10:10:41 - Processing users.
10-04-2023 @ 10:10:42 - > &#8220;252&#8221;User imported successfully. ID:252
10-04-2023 @ 10:10:42 - > Finished importing user 252
10-04-2023 @ 10:10:42 - Row :215 - User imported successfully.
10-04-2023 @ 10:10:42 - Row :216 - Parsing item.
10-04-2023 @ 10:10:42 - Row :216 - Processing item.
10-04-2023 @ 10:10:42 - Processing users.
10-04-2023 @ 10:10:42 - > &#8220;253&#8221;User imported successfully. ID:253
10-04-2023 @ 10:10:42 - > Finished importing user 253
10-04-2023 @ 10:10:42 - Row :216 - User imported successfully.
10-04-2023 @ 10:10:42 - Row :217 - Parsing item.
10-04-2023 @ 10:10:42 - Row :217 - Processing item.
10-04-2023 @ 10:10:42 - Processing users.
10-04-2023 @ 10:10:42 - > &#8220;254&#8221;User imported successfully. ID:254
10-04-2023 @ 10:10:42 - > Finished importing user 254
10-04-2023 @ 10:10:42 - Row :217 - User imported successfully.
10-04-2023 @ 10:10:42 - Row :218 - Parsing item.
10-04-2023 @ 10:10:42 - Row :218 - Processing item.
10-04-2023 @ 10:10:42 - Processing users.
10-04-2023 @ 10:10:42 - > &#8220;255&#8221;User imported successfully. ID:255
10-04-2023 @ 10:10:42 - > Finished importing user 255
10-04-2023 @ 10:10:42 - Row :218 - User imported successfully.
10-04-2023 @ 10:10:42 - Row :219 - Parsing item.
10-04-2023 @ 10:10:42 - Row :219 - Processing item.
10-04-2023 @ 10:10:42 - Processing users.
10-04-2023 @ 10:10:42 - > &#8220;256&#8221;User imported successfully. ID:256
10-04-2023 @ 10:10:42 - > Finished importing user 256
10-04-2023 @ 10:10:42 - Row :219 - User imported successfully.
10-04-2023 @ 10:10:42 - Row :220 - Parsing item.
10-04-2023 @ 10:10:42 - Row :220 - Parsing failed. Reason: User with same Email already exists. Email: spzc8mx9@carol.ocn.ne.jp
10-04-2023 @ 10:10:42 - ---[ Import ended at 2023-10-04 01:10:42]---
